<?xml version="1.0" encoding="UTF-8"?>
<!-- Generated by org.testng.reporters.JUnitXMLReporter -->
<testsuite ignored="0" hostname="DESKTOP-9OPN79E" failures="0" tests="5" name="Test" time="10.634" errors="0" timestamp="2023-03-20T19:24:26 CET">
  <testcase classname="tests.MainPageTest" name="checkForCookies" time="0.142"/>
  <testcase classname="tests.MainPageTest" name="checkFlightRoute" time="2.288"/>
  <testcase classname="tests.MainPageTest" name="checkFlightRoute" time="2.361"/>
  <testcase classname="tests.MainPageTest" name="checkFlightRoute" time="2.779"/>
  <testcase classname="tests.MainPageTest" name="checkFlightRoute" time="3.032"/>
</testsuite> <!-- Test -->
