<?xml version="1.0" encoding="UTF-8"?>
<testsuite xmlns:xsi="http://www.w3.org/2001/XMLSchema-instance" xsi:noNamespaceSchemaLocation="https://maven.apache.org/surefire/maven-surefire-plugin/xsd/surefire-test-report.xsd" name="TestSuite" time="16.396" tests="5" errors="0" skipped="0" failures="0">
  <properties>
[...]
</properties>
  <testcase name="checkForCookies" classname="tests.MainPageTest" time="0.145"/>
  <testcase name="checkFlightRoute" classname="tests.MainPageTest" time="2.287"/>
  <testcase name="checkFlightRoute" classname="tests.MainPageTest" time="2.361"/>
  <testcase name="checkFlightRoute" classname="tests.MainPageTest" time="2.778"/>
  <testcase name="checkFlightRoute" classname="tests.MainPageTest" time="3.032"/>
</testsuite>