<?xml version="1.0" encoding="UTF-8"?>
<!-- Generated by org.testng.reporters.JUnitXMLReporter -->
<testsuite ignored="0" hostname="DESKTOP-9OPN79E" failures="1" tests="1" name="Test" time="0.623" errors="0" timestamp="2023-03-19T19:41:01 CET">
  <testcase classname="tests.FlightStatusTest" name="checkFlightStatusWithRoute" time="0.01">
    <failure type="org.testng.internal.reflect.MethodMatcherException" message="
[public void tests.FlightStatusTest.checkFlightStatusWithRoute()] has no parameters defined but was found to be using a data provider (either explicitly specified or inherited from class level annotation).
Data provider mismatch
Method: checkFlightStatusWithRoute([])
Arguments: [(java.lang.String) CGN,(java.lang.String) BER]">
      <![CDATA[org.testng.internal.reflect.MethodMatcherException: 
[public void tests.FlightStatusTest.checkFlightStatusWithRoute()] has no parameters defined but was found to be using a data provider (either explicitly specified or inherited from class level annotation).
Data provider mismatch
Method: checkFlightStatusWithRoute([])
Arguments: [(java.lang.String) CGN,(java.lang.String) BER]
at java.base/java.util.ArrayList.forEach(ArrayList.java:1511)
... Removed 26 stack frames]]>
    </failure>
  </testcase> <!-- checkFlightStatusWithRoute -->
</testsuite> <!-- Test -->
